<?xml version='1.0' encoding='UTF-8'?>
<testsuite hostname="EVE" name="HelloWorldTest" tests="1" errors="1" failures="0" time="-0.001">
                     <properties>
[...]
</properties>
                     <testcase classname="HelloWorldTest" name="(It is not a test)" time="-0.001">
                                                 <error message="TypeError: (0 , $m_Lorg_scalajs_jquery_package$(...).jQuery$1) is not a function" type="org.scalajs.testadapter.RemoteException">scala.scalajs.js.JavaScriptException: TypeError: (0 , $m_Lorg_scalajs_jquery_package$(...).jQuery$1) is not a function
	at tutorial.webapp.HelloWorldApp$.setupUI(d:\Prog\ScalaJS\NESemul\target\scala-2.11\nesemul-test-fastopt.js:10072)
	at HelloWorldTest$.&lt;init&gt;(d:\Prog\ScalaJS\NESemul\target\scala-2.11\nesemul-test-fastopt.js:16928)
	at HelloWorldTest$.&lt;clinit&gt;(d:\Prog\ScalaJS\NESemul\target\scala-2.11\nesemul-test-fastopt.js:16977)
	at org.scalajs.testinterface.TestUtils$.loadModule(d:\Prog\ScalaJS\NESemul\target\scala-2.11\nesemul-test-fastopt.js:4024)
	at &lt;jscode&gt;.$c_Lutest_runner_ScalaJsSlaveRunner.$c_Lutest_runner_BaseRunner.runSuite__sc_Seq__sc_Seq__T__Lsbt_testing_EventHandler__s_concurrent_Future(d:\Prog\ScalaJS\NESemul\target\scala-2.11\nesemul-test-fastopt.js:10256)
	at &lt;jscode&gt;.{anonymous}()(d:\Prog\ScalaJS\NESemul\target\scala-2.11\nesemul-test-fastopt.js:10369)
	at scala.scalajs.runtime.AnonFunction4.apply(d:\Prog\ScalaJS\NESemul\target\scala-2.11\nesemul-test-fastopt.js:14652)
	at utest.runner.Task.executeInternal(d:\Prog\ScalaJS\NESemul\target\scala-2.11\nesemul-test-fastopt.js:10581)
	at utest.runner.Task.execute(d:\Prog\ScalaJS\NESemul\target\scala-2.11\nesemul-test-fastopt.js:10511)
	at org.scalajs.testinterface.internal.Slave$$anonfun$8.apply$mcV$sp(d:\Prog\ScalaJS\NESemul\target\scala-2.11\nesemul-test-fastopt.js:22303)
</error>
                                               </testcase>
                     <system-out></system-out>
                     <system-err></system-err>
                   </testsuite>