<?xml version='1.0' encoding='UTF-8'?>
<testsuite hostname="EVE" name="HelloWorldTest" tests="1" errors="1" failures="0" time="-0.001">
                     <properties>
      <property name="jline.esc.timeout" value="0"/><property name="java.runtime.name" value="Java(TM) SE Runtime Environment"/><property name="sun.boot.library.path" value="C:\Program Files\Java\jre1.8.0_111\bin"/><property name="java.vm.version" value="25.111-b14"/><property name="java.vm.vendor" value="Oracle Corporation"/><property name="java.vendor.url" value="http://java.oracle.com/"/><property name="path.separator" value=";"/><property name="java.vm.name" value="Java HotSpot(TM) 64-Bit Server VM"/><property name="file.encoding.pkg" value="sun.io"/><property name="user.country" value="CH"/><property name="user.script" value=""/><property name="sun.java.launcher" value="SUN_STANDARD"/><property name="sun.os.patch.level" value=""/><property name="java.vm.specification.name" value="Java Virtual Machine Specification"/><property name="user.dir" value="D:\Prog\ScalaJS\NESemul"/><property name="java.runtime.version" value="1.8.0_111-b14"/><property name="java.awt.graphicsenv" value="sun.awt.Win32GraphicsEnvironment"/><property name="java.endorsed.dirs" value="C:\Program Files\Java\jre1.8.0_111\lib\endorsed"/><property name="os.arch" value="amd64"/><property name="java.io.tmpdir" value="C:\Users\trolo\AppData\Local\Temp\"/><property name="line.separator" value="
"/><property name="java.vm.specification.vendor" value="Oracle Corporation"/><property name="user.variant" value=""/><property name="os.name" value="Windows 10"/><property name="sun.jnu.encoding" value="Cp1252"/><property name="java.library.path" value="C:\ProgramData\Oracle\Java\javapath;C:\WINDOWS\Sun\Java\bin;C:\WINDOWS\system32;C:\WINDOWS;C:\WINDOWS\system32;C:\WINDOWS;C:\WINDOWS\System32\Wbem;C:\Program Files (x86)\NVIDIA Corporation\PhysX\Common;C:\ProgramData\Oracle\Java\javapath;C:\Program Files (x86)\Microsoft Visual Studio 14.0\VC\bin;C:\Program Files\CMake\bin;C:\WINDOWS\System32\WindowsPowerShell\v1.0\;C:\Program Files (x86)\sbt\\bin;C:\Program Files\Git\cmd;C:\Program Files (x86)\Skype\Phone\;C:\Program Files\Anaconda3;C:\Program Files\Anaconda3\Scripts;C:\Program Files\Anaconda3\Library\bin;C:\cygwin64\bin;C:\Program Files\nodejs\;C:\Program Files (x86)\Windows Kits\10\Windows Performance Toolkit\;C:\Users\trolo\AppData\Local\Microsoft\WindowsApps;C:\Users\trolo\AppData\Roaming\npm;."/><property name="java.specification.name" value="Java Platform API Specification"/><property name="java.class.version" value="52.0"/><property name="sun.management.compiler" value="HotSpot 64-Bit Tiered Compilers"/><property name="os.version" value="10.0"/><property name="user.home" value="C:\Users\trolo"/><property name="user.timezone" value="Europe/Paris"/><property name="java.awt.printerjob" value="sun.awt.windows.WPrinterJob"/><property name="file.encoding" value="Cp1252"/><property name="java.specification.version" value="1.8"/><property name="sbt.log.format" value="true"/><property name="java.class.path" value="C:\Program Files (x86)\sbt\bin\sbt-launch.jar"/><property name="user.name" value="trolo"/><property name="jline.shutdownhook" value="false"/><property name="java.vm.specification.version" value="1.8"/><property name="sun.java.command" value="xsbt.boot.Boot"/><property name="java.home" value="C:\Program Files\Java\jre1.8.0_111"/><property name="sun.arch.data.model" value="64"/><property name="user.language" value="fr"/><property name="java.specification.vendor" value="Oracle Corporation"/><property name="awt.toolkit" value="sun.awt.windows.WToolkit"/><property name="java.vm.info" value="mixed mode"/><property name="java.version" value="1.8.0_111"/><property name="java.ext.dirs" value="C:\Program Files\Java\jre1.8.0_111\lib\ext;C:\WINDOWS\Sun\Java\lib\ext"/><property name="sun.boot.class.path" value="C:\Program Files\Java\jre1.8.0_111\lib\resources.jar;C:\Program Files\Java\jre1.8.0_111\lib\rt.jar;C:\Program Files\Java\jre1.8.0_111\lib\sunrsasign.jar;C:\Program Files\Java\jre1.8.0_111\lib\jsse.jar;C:\Program Files\Java\jre1.8.0_111\lib\jce.jar;C:\Program Files\Java\jre1.8.0_111\lib\charsets.jar;C:\Program Files\Java\jre1.8.0_111\lib\jfr.jar;C:\Program Files\Java\jre1.8.0_111\classes"/><property name="java.vendor" value="Oracle Corporation"/><property name="sun.stderr.encoding" value="cp850"/><property name="file.separator" value="\"/><property name="java.vendor.url.bug" value="http://bugreport.sun.com/bugreport/"/><property name="sun.io.unicode.encoding" value="UnicodeLittle"/><property name="sun.cpu.endian" value="little"/><property name="sun.stdout.encoding" value="cp850"/><property name="sun.desktop" value="windows"/><property name="sun.cpu.isalist" value="amd64"/>
    </properties>
                     <testcase classname="HelloWorldTest" name="(It is not a test)" time="-0.001">
                                                 <error message="TypeError: (0 , $m_Lorg_scalajs_jquery_package$(...).jQuery$1) is not a function" type="org.scalajs.testadapter.RemoteException">scala.scalajs.js.JavaScriptException: TypeError: (0 , $m_Lorg_scalajs_jquery_package$(...).jQuery$1) is not a function
	at tutorial.webapp.HelloWorldApp$.setupUI(d:\Prog\ScalaJS\NESemul\target\scala-2.11\nesemul-test-fastopt.js:10072)
	at HelloWorldTest$.&lt;init&gt;(d:\Prog\ScalaJS\NESemul\target\scala-2.11\nesemul-test-fastopt.js:16928)
	at HelloWorldTest$.&lt;clinit&gt;(d:\Prog\ScalaJS\NESemul\target\scala-2.11\nesemul-test-fastopt.js:16977)
	at org.scalajs.testinterface.TestUtils$.loadModule(d:\Prog\ScalaJS\NESemul\target\scala-2.11\nesemul-test-fastopt.js:4024)
	at &lt;jscode&gt;.$c_Lutest_runner_ScalaJsSlaveRunner.$c_Lutest_runner_BaseRunner.runSuite__sc_Seq__sc_Seq__T__Lsbt_testing_EventHandler__s_concurrent_Future(d:\Prog\ScalaJS\NESemul\target\scala-2.11\nesemul-test-fastopt.js:10256)
	at &lt;jscode&gt;.{anonymous}()(d:\Prog\ScalaJS\NESemul\target\scala-2.11\nesemul-test-fastopt.js:10369)
	at scala.scalajs.runtime.AnonFunction4.apply(d:\Prog\ScalaJS\NESemul\target\scala-2.11\nesemul-test-fastopt.js:14652)
	at utest.runner.Task.executeInternal(d:\Prog\ScalaJS\NESemul\target\scala-2.11\nesemul-test-fastopt.js:10581)
	at utest.runner.Task.execute(d:\Prog\ScalaJS\NESemul\target\scala-2.11\nesemul-test-fastopt.js:10511)
	at org.scalajs.testinterface.internal.Slave$$anonfun$8.apply$mcV$sp(d:\Prog\ScalaJS\NESemul\target\scala-2.11\nesemul-test-fastopt.js:22303)
</error>
                                               </testcase>
                     <system-out></system-out>
                     <system-err></system-err>
                   </testsuite>