[0m[[0mdebug[0m] [0mRunning TaskDef(HelloWorldTest, org.scalajs.testadapter.FingerprintSerializers$DeserializedSubclassFingerprint@62e7ebc, false, [SuiteSelector])[0m
scala.scalajs.js.JavaScriptException: TypeError: (0 , $m_Lorg_scalajs_jquery_package$(...).jQuery$1) is not a function
	at tutorial.webapp.HelloWorldApp$.setupUI(d:\Prog\ScalaJS\NESemul\target\scala-2.11\nesemul-test-fastopt.js:10072)
	at HelloWorldTest$.<init>(d:\Prog\ScalaJS\NESemul\target\scala-2.11\nesemul-test-fastopt.js:16928)
	at HelloWorldTest$.<clinit>(d:\Prog\ScalaJS\NESemul\target\scala-2.11\nesemul-test-fastopt.js:16977)
	at org.scalajs.testinterface.TestUtils$.loadModule(d:\Prog\ScalaJS\NESemul\target\scala-2.11\nesemul-test-fastopt.js:4024)
	at <jscode>.$c_Lutest_runner_ScalaJsSlaveRunner.$c_Lutest_runner_BaseRunner.runSuite__sc_Seq__sc_Seq__T__Lsbt_testing_EventHandler__s_concurrent_Future(d:\Prog\ScalaJS\NESemul\target\scala-2.11\nesemul-test-fastopt.js:10256)
	at <jscode>.{anonymous}()(d:\Prog\ScalaJS\NESemul\target\scala-2.11\nesemul-test-fastopt.js:10369)
	at scala.scalajs.runtime.AnonFunction4.apply(d:\Prog\ScalaJS\NESemul\target\scala-2.11\nesemul-test-fastopt.js:14652)
	at utest.runner.Task.executeInternal(d:\Prog\ScalaJS\NESemul\target\scala-2.11\nesemul-test-fastopt.js:10581)
	at utest.runner.Task.execute(d:\Prog\ScalaJS\NESemul\target\scala-2.11\nesemul-test-fastopt.js:10511)
	at org.scalajs.testinterface.internal.Slave$$anonfun$8.apply$mcV$sp(d:\Prog\ScalaJS\NESemul\target\scala-2.11\nesemul-test-fastopt.js:22303)
[0m[[31merror[0m] [0mCould not run test HelloWorldTest: scala.scalajs.js.JavaScriptException: TypeError: (0 , $m_Lorg_scalajs_jquery_package$(...).jQuery$1) is not a function[0m
[0m[[0minfo[0m] [0m-----------------------------------Results-----------------------------------[0m
[0m[[0minfo[0m] [0m[0m
[0m[[0minfo[0m] [0m[0m
[0m[[0minfo[0m] [0mTests: 0[0m
[0m[[0minfo[0m] [0mPassed: 0[0m
[0m[[0minfo[0m] [0mFailed: 0[0m
[0m[[31merror[0m] [0mError during tests:[0m
[0m[[31merror[0m] [0m	HelloWorldTest[0m
[0m[[31merror[0m] [0m(test:[31mtest[0m) sbt.TestsFailedException: Tests unsuccessful[0m
